<?xml version="1.0" encoding="UTF-8"?>
<!-- Generated by org.testng.reporters.JUnitReportReporter -->
<testsuite hostname="MSI" failures="0" tests="4" name="com.comcast.crm.contacttest.ContactTest" time="10.704" errors="0" timestamp="2025-12-31T12:14:23 IST" skipped="3">
  <testcase classname="com.comcast.crm.contacttest.ContactTest" name="createContactTest" time="10.704"/>
  <system-out/>
  <testcase classname="com.comcast.crm.contacttest.ContactTest" name="deleteContactTest">
    <skipped/>
  </testcase> <!-- deleteContactTest -->
  <system-out/>
  <testcase classname="com.comcast.crm.contacttest.ContactTest" name="editContactTest">
    <skipped/>
  </testcase> <!-- editContactTest -->
  <system-out/>
  <testcase classname="com.comcast.crm.contacttest.ContactTest" name="createContact">
    <skipped/>
  </testcase> <!-- createContact -->
  <system-out/>
</testsuite> <!-- com.comcast.crm.contacttest.ContactTest -->
