<?xml version="1.0" encoding="UTF-8"?>
<!-- Generated by org.testng.reporters.JUnitReportReporter -->
<testsuite hostname="MSI" failures="0" tests="3" name="DoItHere.DataProviderWithExcel" time="11.005" errors="0" timestamp="2025-12-09T11:19:34 IST" skipped="0">
  <testcase classname="DoItHere.DataProviderWithExcel" name="getPrice" time="3.856"/>
  <testcase classname="DoItHere.DataProviderWithExcel" name="getPrice" time="3.365"/>
  <testcase classname="DoItHere.DataProviderWithExcel" name="getPrice" time="3.784"/>
</testsuite> <!-- DoItHere.DataProviderWithExcel -->
