<?xml version="1.0" encoding="UTF-8"?>
<!-- Generated by org.testng.reporters.JUnitReportReporter -->
<testsuite hostname="MSI" failures="0" tests="1" name="com.comcast.crm.orgtest.CreateOrganisation" time="17.819" errors="0" timestamp="2025-12-11T10:39:07 IST" skipped="0">
  <testcase classname="com.comcast.crm.orgtest.CreateOrganisation" name="loginTest" time="17.819">
    <system-out>
      <![CDATA[facebook6765header verified == pass]]>
    </system-out>
  </testcase> <!-- loginTest -->
  <system-out>
    <![CDATA[facebook6765header verified == pass]]>
  </system-out>
</testsuite> <!-- com.comcast.crm.orgtest.CreateOrganisation -->
