<?xml version="1.0" encoding="UTF-8"?>
<!-- Generated by org.testng.reporters.JUnitReportReporter -->
<testsuite hostname="MSI" failures="0" tests="3" name="DoItHere.HandlingDynamicXpath" time="11.264" errors="0" timestamp="2025-12-08T13:29:39 IST" skipped="0">
  <testcase classname="DoItHere.HandlingDynamicXpath" name="login" time="0.807"/>
  <testcase classname="DoItHere.HandlingDynamicXpath" name="searchOrganisation" time="3.276"/>
  <testcase classname="DoItHere.HandlingDynamicXpath" name="createOrganisation" time="7.181"/>
</testsuite> <!-- DoItHere.HandlingDynamicXpath -->
