<?xml version="1.0" encoding="UTF-8"?>
<!-- Generated by org.testng.reporters.JUnitReportReporter -->
<testsuite hostname="MSI" failures="0" tests="3" name="DoItHere.DataProviderTest" time="0.018" errors="0" timestamp="2025-12-08T16:00:22 IST" skipped="0">
  <testcase classname="DoItHere.DataProviderTest" name="createContact" time="0.012"/>
  <testcase classname="DoItHere.DataProviderTest" name="createContact" time="0.004"/>
  <testcase classname="DoItHere.DataProviderTest" name="createContact" time="0.002"/>
</testsuite> <!-- DoItHere.DataProviderTest -->
