<?xml version="1.0" encoding="UTF-8"?>
<!-- Generated by org.testng.reporters.JUnitReportReporter -->
<testsuite hostname="MSI" failures="0" tests="3" name="DoItHere.UsingDataProvider" time="0.010" errors="0" timestamp="2025-12-05T18:07:15 IST" skipped="0">
  <testcase classname="DoItHere.UsingDataProvider" name="createContact" time="0.008"/>
  <testcase classname="DoItHere.UsingDataProvider" name="createContact" time="0.001"/>
  <testcase classname="DoItHere.UsingDataProvider" name="createContact" time="0.001"/>
</testsuite> <!-- DoItHere.UsingDataProvider -->
