<?xml version="1.0" encoding="UTF-8"?>
<!-- Generated by org.testng.reporters.JUnitReportReporter -->
<testsuite hostname="MSI" failures="0" tests="1" name="com.comcast.crm.orgtest.CreateOrganisation" time="11.348" errors="0" timestamp="2026-01-03T11:31:23 IST" skipped="0">
  <testcase classname="com.comcast.crm.orgtest.CreateOrganisation" name="loginTest" time="11.348"/>
  <system-out>
    <![CDATA[facebook56087header verified == pass]]>
  </system-out>
</testsuite> <!-- com.comcast.crm.orgtest.CreateOrganisation -->
