<?xml version="1.0" encoding="UTF-8"?>
<!-- Generated by org.testng.reporters.JUnitReportReporter -->
<testsuite hostname="MSI" failures="0" tests="3" name="DoItHere.HandlingDynamicXpathTest" time="21.956" errors="0" timestamp="2025-12-08T15:52:43 IST" skipped="0">
  <testcase classname="DoItHere.HandlingDynamicXpathTest" name="loginTest" time="4.053"/>
  <testcase classname="DoItHere.HandlingDynamicXpathTest" name="createOrganisationTest" time="6.584"/>
  <testcase classname="DoItHere.HandlingDynamicXpathTest" name="searchOrganisationTest" time="11.319"/>
</testsuite> <!-- DoItHere.HandlingDynamicXpathTest -->
