<?xml version="1.0" encoding="UTF-8"?>
<testng-results ignored="0" total="1" passed="1" failed="0" skipped="0">
  <reporter-output>
  </reporter-output>
  <suite started-at="2025-12-31T12:15:13 IST" name="Default suite" finished-at="2025-12-31T12:15:28 IST" duration-ms="15438">
    <groups>
    </groups>
    <test started-at="2025-12-31T12:15:13 IST" name="Default test" finished-at="2025-12-31T12:15:28 IST" duration-ms="15438">
      <class name="com.comcast.crm.contacttest.CreateContactWithSupportDate">
        <test-method signature="loginTest()[pri:0, instance:com.comcast.crm.contacttest.CreateContactWithSupportDate@1a482e36]" started-at="2025-12-31T12:15:13 IST" name="loginTest" finished-at="2025-12-31T12:15:28 IST" duration-ms="15378" status="PASS">
          <reporter-output>
          </reporter-output>
        </test-method> <!-- loginTest -->
      </class> <!-- com.comcast.crm.contacttest.CreateContactWithSupportDate -->
    </test> <!-- Default test -->
  </suite> <!-- Default suite -->
</testng-results>
