<?xml version="1.0" encoding="UTF-8"?>
<testng-results ignored="3" total="5" passed="2" failed="0" skipped="0">
  <reporter-output>
    <line>
      <![CDATA[facebook56087header verified == pass]]>
    </line>
  </reporter-output>
  <suite started-at="2026-01-03T11:31:00 IST" name="Suite" finished-at="2026-01-03T11:31:23 IST" duration-ms="22827">
    <groups>
      <group name="smoke">
        <method signature="ContactTest.createContactTest()[pri:0, instance:com.comcast.crm.contacttest.ContactTest@292b08d6]" name="createContactTest" class="com.comcast.crm.contacttest.ContactTest"/>
        <method signature="CreateOrganisation.loginTest()[pri:0, instance:com.comcast.crm.orgtest.CreateOrganisation@702657cc]" name="loginTest" class="com.comcast.crm.orgtest.CreateOrganisation"/>
      </group> <!-- smoke -->
    </groups>
    <test started-at="2026-01-03T11:31:00 IST" name="Test" finished-at="2026-01-03T11:31:23 IST" duration-ms="22827">
      <class name="com.comcast.crm.contacttest.ContactTest">
        <test-method is-config="true" signature="configBS()[pri:0, instance:com.comcast.crm.contacttest.ContactTest@292b08d6]" started-at="2026-01-03T11:31:00 IST" name="configBS" finished-at="2026-01-03T11:31:00 IST" duration-ms="495" status="PASS">
          <reporter-output>
          </reporter-output>
        </test-method> <!-- configBS -->
        <test-method is-config="true" signature="configBC()[pri:0, instance:com.comcast.crm.contacttest.ContactTest@292b08d6]" started-at="2026-01-03T11:31:00 IST" name="configBC" finished-at="2026-01-03T11:31:02 IST" duration-ms="1690" status="PASS">
          <reporter-output>
          </reporter-output>
        </test-method> <!-- configBC -->
        <test-method is-config="true" signature="configBM()[pri:0, instance:com.comcast.crm.contacttest.ContactTest@292b08d6]" started-at="2026-01-03T11:31:02 IST" name="configBM" finished-at="2026-01-03T11:31:06 IST" duration-ms="3637" status="PASS">
          <reporter-output>
          </reporter-output>
        </test-method> <!-- configBM -->
        <test-method signature="createContactTest()[pri:0, instance:com.comcast.crm.contacttest.ContactTest@292b08d6]" started-at="2026-01-03T11:31:06 IST" name="createContactTest" finished-at="2026-01-03T11:31:11 IST" duration-ms="5219" status="PASS">
          <reporter-output>
          </reporter-output>
        </test-method> <!-- createContactTest -->
        <test-method is-config="true" signature="configAM()[pri:0, instance:com.comcast.crm.contacttest.ContactTest@292b08d6]" started-at="2026-01-03T11:31:11 IST" name="configAM" finished-at="2026-01-03T11:31:11 IST" duration-ms="680" status="PASS">
          <reporter-output>
          </reporter-output>
        </test-method> <!-- configAM -->
        <test-method is-config="true" signature="configAC()[pri:0, instance:com.comcast.crm.contacttest.ContactTest@292b08d6]" started-at="2026-01-03T11:31:11 IST" name="configAC" finished-at="2026-01-03T11:31:12 IST" duration-ms="195" status="PASS">
          <reporter-output>
          </reporter-output>
        </test-method> <!-- configAC -->
        <test-method is-config="true" signature="configAS()[pri:0, instance:com.comcast.crm.contacttest.ContactTest@292b08d6]" started-at="2026-01-03T11:31:23 IST" name="configAS" finished-at="2026-01-03T11:31:23 IST" duration-ms="0" status="PASS">
          <reporter-output>
          </reporter-output>
        </test-method> <!-- configAS -->
      </class> <!-- com.comcast.crm.contacttest.ContactTest -->
      <class name="com.comcast.crm.orgtest.CreateOrganisation">
        <test-method signature="loginTest()[pri:0, instance:com.comcast.crm.orgtest.CreateOrganisation@702657cc]" started-at="2026-01-03T11:31:12 IST" name="loginTest" finished-at="2026-01-03T11:31:23 IST" duration-ms="11348" status="PASS">
          <reporter-output>
            <line>
              <![CDATA[facebook56087header verified == pass]]>
            </line>
          </reporter-output>
        </test-method> <!-- loginTest -->
      </class> <!-- com.comcast.crm.orgtest.CreateOrganisation -->
    </test> <!-- Test -->
  </suite> <!-- Suite -->
</testng-results>
