<?xml version="1.0" encoding="UTF-8"?>
<!-- Generated by org.testng.reporters.JUnitXMLReporter -->
<testsuite ignored="2" hostname="MSI" failures="0" tests="0" time="0.012" errors="0" timestamp="2025-12-11T16:36:27 IST">
  <testcase classname="DoItHere.InvoiceTest" name="createcontactTest" time="0.0">
    <ignored/>
  </testcase> <!-- createcontactTest -->
  <testcase classname="DoItHere.InvoiceTest" name="createInvoiceTest" time="0.0">
    <ignored/>
  </testcase> <!-- createInvoiceTest -->
</testsuite>
