<?xml version="1.0" encoding="UTF-8"?>
<!-- Generated by org.testng.reporters.JUnitXMLReporter -->
<testsuite ignored="3" hostname="MSI" failures="0" tests="1" name="Default test" time="14.999" errors="0" timestamp="2026-01-03T10:23:24 IST">
  <testcase classname="com.comcast.crm.contacttest.ContactTest" name="createContactTest" time="6.936"/>
  <testcase classname="com.comcast.crm.contacttest.ContactTest" name="deleteContactTest" time="0.0">
    <ignored/>
  </testcase> <!-- deleteContactTest -->
  <testcase classname="com.comcast.crm.contacttest.ContactTest" name="editContactTest" time="0.0">
    <ignored/>
  </testcase> <!-- editContactTest -->
  <testcase classname="com.comcast.crm.contacttest.ContactTest" name="createContact" time="0.0">
    <ignored/>
  </testcase> <!-- createContact -->
</testsuite> <!-- Default test -->
