<?xml version="1.0" encoding="UTF-8"?>
<!-- Generated by org.testng.reporters.JUnitXMLReporter -->
<testsuite ignored="3" hostname="MSI" failures="0" tests="1" name="test2" time="37.173" errors="0" timestamp="2025-12-11T16:56:46 IST">
  <testcase classname="com.comcast.crm.contacttest.ContactTest" name="createContactTest" time="5.923"/>
  <testcase classname="com.comcast.crm.contacttest.ContactTest" name="createContact" time="0.0">
    <ignored/>
  </testcase> <!-- createContact -->
  <testcase classname="com.comcast.crm.contacttest.ContactTest" name="editContactTest" time="0.0">
    <ignored/>
  </testcase> <!-- editContactTest -->
  <testcase classname="com.comcast.crm.contacttest.ContactTest" name="deleteContactTest" time="0.0">
    <ignored/>
  </testcase> <!-- deleteContactTest -->
</testsuite> <!-- test2 -->
