<?xml version="1.0" encoding="UTF-8"?>
<!-- Generated by org.testng.reporters.JUnitXMLReporter -->
<testsuite ignored="3" hostname="MSI" failures="0" tests="1" name="Test1" time="12.716" errors="0" timestamp="2025-12-11T16:56:22 IST">
  <testcase classname="com.comcast.crm.contacttest.ContactTest" name="createContactTest" time="5.51"/>
  <testcase classname="com.comcast.crm.contacttest.ContactTest" name="editContactTest" time="0.0">
    <ignored/>
  </testcase> <!-- editContactTest -->
  <testcase classname="com.comcast.crm.contacttest.ContactTest" name="createContact" time="0.0">
    <ignored/>
  </testcase> <!-- createContact -->
  <testcase classname="com.comcast.crm.contacttest.ContactTest" name="deleteContactTest" time="0.0">
    <ignored/>
  </testcase> <!-- deleteContactTest -->
</testsuite> <!-- Test1 -->
