<?xml version="1.0" encoding="UTF-8"?>
<!-- Generated by org.testng.reporters.JUnitXMLReporter -->
<testsuite ignored="3" hostname="MSI" failures="0" tests="2" name="Test" time="22.827" errors="0" timestamp="2026-01-03T11:31:23 IST">
  <testcase classname="com.comcast.crm.contacttest.ContactTest" name="createContactTest" time="5.219"/>
  <testcase classname="com.comcast.crm.orgtest.CreateOrganisation" name="loginTest" time="11.348"/>
  <testcase classname="com.comcast.crm.contacttest.ContactTest" name="createContact" time="0.0">
    <ignored/>
  </testcase> <!-- createContact -->
  <testcase classname="com.comcast.crm.contacttest.ContactTest" name="editContactTest" time="0.0">
    <ignored/>
  </testcase> <!-- editContactTest -->
  <testcase classname="com.comcast.crm.contacttest.ContactTest" name="deleteContactTest" time="0.0">
    <ignored/>
  </testcase> <!-- deleteContactTest -->
</testsuite> <!-- Test -->
